<?xml version="1.0" encoding="utf-8"?><testsuites name="pytest tests"><testsuite name="pytest" errors="0" failures="0" skipped="0" tests="23" time="6.177" timestamp="2026-05-03T00:44:14.846810+00:00" hostname="agent-env-5690a170-bc6a-406b-a016-2ff2de957694"><testcase classname="backend.tests.backend_test.TestHealth" name="test_root" time="0.219" /><testcase classname="backend.tests.backend_test.TestAuth" name="test_register_new_user" time="0.377" /><testcase classname="backend.tests.backend_test.TestAuth" name="test_register_duplicate" time="0.548" /><testcase classname="backend.tests.backend_test.TestAuth" name="test_login_success" time="0.330" /><testcase classname="backend.tests.backend_test.TestAuth" name="test_login_wrong_password" time="0.337" /><testcase classname="backend.tests.backend_test.TestAuth" name="test_me_with_token" time="0.140" /><testcase classname="backend.tests.backend_test.TestAuth" name="test_me_without_token" time="0.107" /><testcase classname="backend.tests.backend_test.TestFolders" name="test_create_list_rename_delete_folder" time="0.646" /><testcase classname="backend.tests.backend_test.TestFiles" name="test_upload_and_list" time="0.233" /><testcase classname="backend.tests.backend_test.TestFiles" name="test_download" time="0.110" /><testcase classname="backend.tests.backend_test.TestFiles" name="test_star_toggle" time="0.208" /><testcase classname="backend.tests.backend_test.TestFiles" name="test_rename_file" time="0.106" /><testcase classname="backend.tests.backend_test.TestFiles" name="test_share_and_public_content" time="0.303" /><testcase classname="backend.tests.backend_test.TestFiles" name="test_search" time="0.107" /><testcase classname="backend.tests.backend_test.TestFiles" name="test_trash_restore_permanent" time="0.597" /><testcase classname="backend.tests.backend_test.TestStatsActivity" name="test_stats" time="0.105" /><testcase classname="backend.tests.backend_test.TestStatsActivity" name="test_activity" time="0.117" /><testcase classname="backend.tests.backend_test.TestPlans" name="test_get_plans" time="0.116" /><testcase classname="backend.tests.backend_test.TestPlans" name="test_upgrade_plan" time="0.464" /><testcase classname="backend.tests.backend_test.TestPlans" name="test_invalid_plan" time="0.141" /><testcase classname="backend.tests.backend_test.TestExport" name="test_export_docx" time="0.149" /><testcase classname="backend.tests.backend_test.TestExport" name="test_export_xlsx" time="0.125" /><testcase classname="backend.tests.backend_test.TestIsolation" name="test_user_a_cannot_access_user_b_file" time="0.338" /></testsuite></testsuites>